{"C:\\Users\\KGM\\OneDrive\\Documents\\GitHub\\fyp-products-ms\\src\\routes\\functions\\product.js": {"path":"C:\\Users\\KGM\\OneDrive\\Documents\\GitHub\\fyp-products-ms\\src\\routes\\functions\\product.js","statementMap":{"0":{"start":{"line":2,"column":0},"end":{"line":2,"column":26}},"1":{"start":{"line":5,"column":12},"end":{"line":5,"column":54}},"2":{"start":{"line":7,"column":19},"end":{"line":14,"column":2}},"3":{"start":{"line":16,"column":0},"end":{"line":70,"column":1}},"4":{"start":{"line":23,"column":4},"end":{"line":42,"column":9}},"5":{"start":{"line":25,"column":8},"end":{"line":25,"column":62}},"6":{"start":{"line":29,"column":29},"end":{"line":29,"column":72}},"7":{"start":{"line":31,"column":8},"end":{"line":41,"column":9}},"8":{"start":{"line":32,"column":10},"end":{"line":32,"column":45}},"9":{"start":{"line":33,"column":10},"end":{"line":33,"column":99}},"10":{"start":{"line":34,"column":15},"end":{"line":41,"column":9}},"11":{"start":{"line":35,"column":10},"end":{"line":35,"column":102}},"12":{"start":{"line":36,"column":10},"end":{"line":36,"column":111}},"13":{"start":{"line":38,"column":10},"end":{"line":38,"column":77}},"14":{"start":{"line":39,"column":10},"end":{"line":39,"column":107}},"15":{"start":{"line":50,"column":4},"end":{"line":68,"column":9}},"16":{"start":{"line":52,"column":8},"end":{"line":52,"column":56}},"17":{"start":{"line":55,"column":29},"end":{"line":55,"column":79}},"18":{"start":{"line":57,"column":8},"end":{"line":67,"column":9}},"19":{"start":{"line":58,"column":10},"end":{"line":58,"column":45}},"20":{"start":{"line":59,"column":10},"end":{"line":59,"column":99}},"21":{"start":{"line":60,"column":15},"end":{"line":67,"column":9}},"22":{"start":{"line":61,"column":10},"end":{"line":61,"column":102}},"23":{"start":{"line":62,"column":10},"end":{"line":62,"column":111}},"24":{"start":{"line":64,"column":10},"end":{"line":64,"column":77}},"25":{"start":{"line":65,"column":10},"end":{"line":65,"column":107}}},"fnMap":{"0":{"name":"(anonymous_0)","decl":{"start":{"line":22,"column":19},"end":{"line":22,"column":20}},"loc":{"start":{"line":22,"column":40},"end":{"line":43,"column":3}},"line":22},"1":{"name":"(anonymous_1)","decl":{"start":{"line":24,"column":12},"end":{"line":24,"column":13}},"loc":{"start":{"line":24,"column":31},"end":{"line":26,"column":7}},"line":24},"2":{"name":"(anonymous_2)","decl":{"start":{"line":27,"column":13},"end":{"line":27,"column":14}},"loc":{"start":{"line":27,"column":30},"end":{"line":42,"column":7}},"line":27},"3":{"name":"(anonymous_3)","decl":{"start":{"line":49,"column":19},"end":{"line":49,"column":20}},"loc":{"start":{"line":49,"column":31},"end":{"line":69,"column":3}},"line":49},"4":{"name":"(anonymous_4)","decl":{"start":{"line":51,"column":12},"end":{"line":51,"column":13}},"loc":{"start":{"line":51,"column":28},"end":{"line":53,"column":7}},"line":51},"5":{"name":"(anonymous_5)","decl":{"start":{"line":54,"column":13},"end":{"line":54,"column":14}},"loc":{"start":{"line":54,"column":30},"end":{"line":68,"column":7}},"line":54}},"branchMap":{"0":{"loc":{"start":{"line":31,"column":8},"end":{"line":41,"column":9}},"type":"if","locations":[{"start":{"line":31,"column":8},"end":{"line":41,"column":9}},{"start":{"line":31,"column":8},"end":{"line":41,"column":9}}],"line":31},"1":{"loc":{"start":{"line":34,"column":15},"end":{"line":41,"column":9}},"type":"if","locations":[{"start":{"line":34,"column":15},"end":{"line":41,"column":9}},{"start":{"line":34,"column":15},"end":{"line":41,"column":9}}],"line":34},"2":{"loc":{"start":{"line":57,"column":8},"end":{"line":67,"column":9}},"type":"if","locations":[{"start":{"line":57,"column":8},"end":{"line":67,"column":9}},{"start":{"line":57,"column":8},"end":{"line":67,"column":9}}],"line":57},"3":{"loc":{"start":{"line":60,"column":15},"end":{"line":67,"column":9}},"type":"if","locations":[{"start":{"line":60,"column":15},"end":{"line":67,"column":9}},{"start":{"line":60,"column":15},"end":{"line":67,"column":9}}],"line":60}},"s":{"0":3,"1":3,"2":3,"3":3,"4":4,"5":1,"6":3,"7":3,"8":1,"9":1,"10":2,"11":1,"12":1,"13":1,"14":1,"15":4,"16":1,"17":3,"18":3,"19":1,"20":1,"21":2,"22":1,"23":1,"24":1,"25":1},"f":{"0":4,"1":1,"2":3,"3":4,"4":1,"5":3},"b":{"0":[1,2],"1":[1,1],"2":[1,2],"3":[1,1]},"_coverageSchema":"1a1c01bbd47fc00a2c39e90264f33305004495a9","hash":"30029c54f5923cd80c0bb7f706f4cdaad664dd6f"}
,"C:\\Users\\KGM\\OneDrive\\Documents\\GitHub\\fyp-products-ms\\src\\routes\\products\\listAllProducts.js": {"path":"C:\\Users\\KGM\\OneDrive\\Documents\\GitHub\\fyp-products-ms\\src\\routes\\products\\listAllProducts.js","statementMap":{"0":{"start":{"line":1,"column":21},"end":{"line":1,"column":52}},"1":{"start":{"line":3,"column":24},"end":{"line":27,"column":1}},"2":{"start":{"line":4,"column":15},"end":{"line":4,"column":67}},"3":{"start":{"line":7,"column":1},"end":{"line":26,"column":1}},"4":{"start":{"line":10,"column":2},"end":{"line":20,"column":3}},"5":{"start":{"line":12,"column":4},"end":{"line":16,"column":5}},"6":{"start":{"line":13,"column":6},"end":{"line":13,"column":73}},"7":{"start":{"line":15,"column":6},"end":{"line":15,"column":56}},"8":{"start":{"line":19,"column":4},"end":{"line":19,"column":44}},"9":{"start":{"line":23,"column":19},"end":{"line":23,"column":52}},"10":{"start":{"line":24,"column":2},"end":{"line":24,"column":25}},"11":{"start":{"line":25,"column":2},"end":{"line":25,"column":43}},"12":{"start":{"line":29,"column":24},"end":{"line":29,"column":57}},"13":{"start":{"line":30,"column":0},"end":{"line":30,"column":33}}},"fnMap":{"0":{"name":"(anonymous_0)","decl":{"start":{"line":3,"column":24},"end":{"line":3,"column":25}},"loc":{"start":{"line":3,"column":44},"end":{"line":27,"column":1}},"line":3}},"branchMap":{"0":{"loc":{"start":{"line":7,"column":1},"end":{"line":26,"column":1}},"type":"if","locations":[{"start":{"line":7,"column":1},"end":{"line":26,"column":1}},{"start":{"line":7,"column":1},"end":{"line":26,"column":1}}],"line":7},"1":{"loc":{"start":{"line":7,"column":5},"end":{"line":7,"column":43}},"type":"binary-expr","locations":[{"start":{"line":7,"column":5},"end":{"line":7,"column":15}},{"start":{"line":7,"column":19},"end":{"line":7,"column":28}},{"start":{"line":7,"column":32},"end":{"line":7,"column":43}}],"line":7},"2":{"loc":{"start":{"line":10,"column":2},"end":{"line":20,"column":3}},"type":"if","locations":[{"start":{"line":10,"column":2},"end":{"line":20,"column":3}},{"start":{"line":10,"column":2},"end":{"line":20,"column":3}}],"line":10},"3":{"loc":{"start":{"line":12,"column":4},"end":{"line":16,"column":5}},"type":"if","locations":[{"start":{"line":12,"column":4},"end":{"line":16,"column":5}},{"start":{"line":12,"column":4},"end":{"line":16,"column":5}}],"line":12}},"s":{"0":1,"1":1,"2":5,"3":5,"4":4,"5":3,"6":2,"7":1,"8":1,"9":1,"10":1,"11":1,"12":1,"13":1},"f":{"0":5},"b":{"0":[4,1],"1":[5,2,1],"2":[3,1],"3":[2,1]},"_coverageSchema":"1a1c01bbd47fc00a2c39e90264f33305004495a9","hash":"59d01e381f133d1eccaa3e099b6f11f086f2644d"}
,"C:\\Users\\KGM\\OneDrive\\Documents\\GitHub\\fyp-products-ms\\src\\routes\\products\\retrieveProduct.js": {"path":"C:\\Users\\KGM\\OneDrive\\Documents\\GitHub\\fyp-products-ms\\src\\routes\\products\\retrieveProduct.js","statementMap":{"0":{"start":{"line":1,"column":21},"end":{"line":1,"column":52}},"1":{"start":{"line":3,"column":24},"end":{"line":28,"column":1}},"2":{"start":{"line":4,"column":20},"end":{"line":4,"column":40}},"3":{"start":{"line":5,"column":15},"end":{"line":5,"column":76}},"4":{"start":{"line":8,"column":2},"end":{"line":27,"column":3}},"5":{"start":{"line":11,"column":4},"end":{"line":21,"column":5}},"6":{"start":{"line":13,"column":6},"end":{"line":17,"column":7}},"7":{"start":{"line":14,"column":8},"end":{"line":14,"column":77}},"8":{"start":{"line":16,"column":8},"end":{"line":16,"column":60}},"9":{"start":{"line":20,"column":6},"end":{"line":20,"column":46}},"10":{"start":{"line":24,"column":21},"end":{"line":24,"column":54}},"11":{"start":{"line":25,"column":4},"end":{"line":25,"column":27}},"12":{"start":{"line":26,"column":4},"end":{"line":26,"column":45}},"13":{"start":{"line":30,"column":24},"end":{"line":30,"column":57}},"14":{"start":{"line":31,"column":0},"end":{"line":31,"column":33}}},"fnMap":{"0":{"name":"(anonymous_0)","decl":{"start":{"line":3,"column":24},"end":{"line":3,"column":25}},"loc":{"start":{"line":3,"column":44},"end":{"line":28,"column":1}},"line":3}},"branchMap":{"0":{"loc":{"start":{"line":8,"column":2},"end":{"line":27,"column":3}},"type":"if","locations":[{"start":{"line":8,"column":2},"end":{"line":27,"column":3}},{"start":{"line":8,"column":2},"end":{"line":27,"column":3}}],"line":8},"1":{"loc":{"start":{"line":8,"column":6},"end":{"line":8,"column":44}},"type":"binary-expr","locations":[{"start":{"line":8,"column":6},"end":{"line":8,"column":16}},{"start":{"line":8,"column":20},"end":{"line":8,"column":29}},{"start":{"line":8,"column":33},"end":{"line":8,"column":44}}],"line":8},"2":{"loc":{"start":{"line":11,"column":4},"end":{"line":21,"column":5}},"type":"if","locations":[{"start":{"line":11,"column":4},"end":{"line":21,"column":5}},{"start":{"line":11,"column":4},"end":{"line":21,"column":5}}],"line":11},"3":{"loc":{"start":{"line":13,"column":6},"end":{"line":17,"column":7}},"type":"if","locations":[{"start":{"line":13,"column":6},"end":{"line":17,"column":7}},{"start":{"line":13,"column":6},"end":{"line":17,"column":7}}],"line":13}},"s":{"0":1,"1":1,"2":5,"3":5,"4":5,"5":4,"6":3,"7":2,"8":1,"9":1,"10":1,"11":1,"12":1,"13":1,"14":1},"f":{"0":5},"b":{"0":[4,1],"1":[5,2,1],"2":[3,1],"3":[2,1]},"_coverageSchema":"1a1c01bbd47fc00a2c39e90264f33305004495a9","hash":"8ae1944da2f4adb3e20b6242de9b4a753175ad42"}
}
