TN:
SF:src\routes\functions\product.js
FN:22,(anonymous_0)
FN:24,(anonymous_1)
FN:27,(anonymous_2)
FN:49,(anonymous_3)
FN:51,(anonymous_4)
FN:54,(anonymous_5)
FNF:6
FNH:6
FNDA:4,(anonymous_0)
FNDA:1,(anonymous_1)
FNDA:3,(anonymous_2)
FNDA:4,(anonymous_3)
FNDA:1,(anonymous_4)
FNDA:3,(anonymous_5)
DA:2,3
DA:5,3
DA:7,3
DA:16,3
DA:23,4
DA:25,1
DA:29,3
DA:31,3
DA:32,1
DA:33,1
DA:34,2
DA:35,1
DA:36,1
DA:38,1
DA:39,1
DA:50,4
DA:52,1
DA:55,3
DA:57,3
DA:58,1
DA:59,1
DA:60,2
DA:61,1
DA:62,1
DA:64,1
DA:65,1
LF:26
LH:26
BRDA:31,0,0,1
BRDA:31,0,1,2
BRDA:34,1,0,1
BRDA:34,1,1,1
BRDA:57,2,0,1
BRDA:57,2,1,2
BRDA:60,3,0,1
BRDA:60,3,1,1
BRF:8
BRH:8
end_of_record
TN:
SF:src\routes\products\listAllProducts.js
FN:3,(anonymous_0)
FNF:1
FNH:1
FNDA:5,(anonymous_0)
DA:1,1
DA:3,1
DA:4,5
DA:7,5
DA:10,4
DA:12,3
DA:13,2
DA:15,1
DA:19,1
DA:23,1
DA:24,1
DA:25,1
DA:29,1
DA:30,1
LF:14
LH:14
BRDA:7,0,0,4
BRDA:7,0,1,1
BRDA:7,1,0,5
BRDA:7,1,1,2
BRDA:7,1,2,1
BRDA:10,2,0,3
BRDA:10,2,1,1
BRDA:12,3,0,2
BRDA:12,3,1,1
BRF:9
BRH:9
end_of_record
TN:
SF:src\routes\products\retrieveProduct.js
FN:3,(anonymous_0)
FNF:1
FNH:1
FNDA:5,(anonymous_0)
DA:1,1
DA:3,1
DA:4,5
DA:5,5
DA:8,5
DA:11,4
DA:13,3
DA:14,2
DA:16,1
DA:20,1
DA:24,1
DA:25,1
DA:26,1
DA:30,1
DA:31,1
LF:15
LH:15
BRDA:8,0,0,4
BRDA:8,0,1,1
BRDA:8,1,0,5
BRDA:8,1,1,2
BRDA:8,1,2,1
BRDA:11,2,0,3
BRDA:11,2,1,1
BRDA:13,3,0,2
BRDA:13,3,1,1
BRF:9
BRH:9
end_of_record
